2025-01-04 10:55:20 [32minfo[39m: Server running on port 3001
2025-01-04 10:55:22 [33mwarn[39m: Validation errors: [{"type":"field","value":"juan@ejemplo","msg":"El correo no es válido","path":"correo","location":"body"}]
2025-01-04 11:06:53 [32minfo[39m: Server running on port 3001
2025-01-04 11:07:23 [32minfo[39m: Server running on port 3001
2025-01-04 11:07:33 [32minfo[39m: Nombre: Juan Perez, Correo: juan@ejemplo.com, Mensaje: Saludos
2025-01-04 11:07:33 [31merror[39m: Error creando el usuario: usuario.create is not a function
2025-01-04 11:11:06 [32minfo[39m: Server running on port 3001
2025-01-04 11:11:15 [32minfo[39m: Nombre: Juan Perez, Correo: juan@ejemplo.com, Mensaje: Saludos
2025-01-04 11:11:16 [32minfo[39m: Usuario creado con ID: 1
2025-01-04 11:11:47 [32minfo[39m: Nombre: Ramon Perez, Correo: juan@ejemplo.com, Mensaje: Saludos
2025-01-04 11:11:47 [31merror[39m: Error creando el usuario: Validation error
2025-01-04 11:13:42 [32minfo[39m: Server running on port 3001
2025-01-04 11:13:47 [31merror[39m: Error creando el usuario: Validation error
2025-01-04 11:14:48 [32minfo[39m: Server running on port 3001
2025-01-04 11:15:02 [34mdebug[39m: Nombre: Ramon Perez, Correo: juan@ejemplo.com, Mensaje: Saludos
2025-01-04 11:15:03 [31merror[39m: Error creando el usuario: Validation error
2025-01-04 11:25:10 [32minfo[39m: Server running on port 3001
2025-01-04 11:28:07 [32minfo[39m: Server running on port 3001
2025-01-04 11:28:27 [33mwarn[39m: Validation errors: [{"type":"field","value":"","msg":"El nombre es requerido","path":"nombre","location":"body"},{"type":"field","value":"","msg":"El nombre debe tener al menos 3 caracteres","path":"nombre","location":"body"},{"type":"field","value":"","msg":"El correo es requerido","path":"correo","location":"body"},{"type":"field","value":"","msg":"El correo no es válido","path":"correo","location":"body"}]
2025-01-04 11:32:03 [34mdebug[39m: Nombre: Ramon Perez, Correo: ramon@ejemplo.com, Mensaje: Hola soy Ramon
2025-01-04 11:32:04 [32minfo[39m: Usuario creado con ID: 5
2025-01-04 11:39:12 [32minfo[39m: Server running on port 3001
2025-01-04 11:44:44 [32minfo[39m: Server running on port 3001
